<?xml version="1.0" encoding="UTF-8"?>
<robot generator="Robot 6.1 (Python 3.11.4 on darwin)" generated="20230829 18:16:23.000" rpa="false" schemaversion="4">
<suite id="s1" name="Test Common Keyword" source="/Users/chotirose.suk/Documents/ascend_qa_common_keywords/tests/test_common_keyword.robot">
<test id="s1-t1" name="Log To console" line="8">
<kw>
<var>/Users/chotirose.suk/Documents/ascend_qa_common_keywords/tests</var>
<msg timestamp="20230829 18:16:23.890" level="FAIL">Keyword name cannot be empty.</msg>
<status status="FAIL" starttime="20230829 18:16:23.890" endtime="20230829 18:16:23.890"/>
</kw>
<status status="FAIL" starttime="20230829 18:16:23.889" endtime="20230829 18:16:23.890">Keyword name cannot be empty.</status>
</test>
<test id="s1-t2" name="Verify keywords to libs : random number" line="16">
<kw name="common_keyword.Generate random number">
<var>${ran_num}</var>
<arg>10</arg>
<msg timestamp="20230829 18:16:23.899" level="FAIL">No keyword with name 'common_keyword.Generate random number' found.</msg>
<status status="FAIL" starttime="20230829 18:16:23.899" endtime="20230829 18:16:23.900"/>
</kw>
<kw name="Log To Console" library="BuiltIn">
<arg>ran_num : ${ran_num}</arg>
<doc>Logs the given message to the console.</doc>
<status status="NOT RUN" starttime="20230829 18:16:23.900" endtime="20230829 18:16:23.900"/>
</kw>
<status status="FAIL" starttime="20230829 18:16:23.890" endtime="20230829 18:16:23.900">No keyword with name 'common_keyword.Generate random number' found.</status>
</test>
<test id="s1-t3" name="Verify keywords to libs : random string" line="23">
<kw name="common_keyword.Generate random string">
<var>${ran_str}</var>
<arg>5</arg>
<msg timestamp="20230829 18:16:23.922" level="FAIL">No keyword with name 'common_keyword.Generate random string' found.</msg>
<status status="FAIL" starttime="20230829 18:16:23.922" endtime="20230829 18:16:23.922"/>
</kw>
<kw name="Log To Console" library="BuiltIn">
<arg>ran_str : ${ran_str}</arg>
<doc>Logs the given message to the console.</doc>
<status status="NOT RUN" starttime="20230829 18:16:23.922" endtime="20230829 18:16:23.922"/>
</kw>
<status status="FAIL" starttime="20230829 18:16:23.901" endtime="20230829 18:16:23.922">No keyword with name 'common_keyword.Generate random string' found.</status>
</test>
<status status="FAIL" starttime="20230829 18:16:23.002" endtime="20230829 18:16:23.923"/>
</suite>
<statistics>
<total>
<stat pass="0" fail="3" skip="0">All Tests</stat>
</total>
<tag>
</tag>
<suite>
<stat pass="0" fail="3" skip="0" id="s1" name="Test Common Keyword">Test Common Keyword</stat>
</suite>
</statistics>
<errors>
</errors>
</robot>
